{"/Users/andrewpersic/vue-boilerplate/pages/example.vue": {"path":"/Users/andrewpersic/vue-boilerplate/pages/example.vue","statementMap":{"0":{"start":{"line":7,"column":0},"end":{"line":7,"column":null}}},"fnMap":{},"branchMap":{},"s":{"0":0},"f":{},"b":{}}
,"/Users/andrewpersic/vue-boilerplate/pages/index.vue": {"path":"/Users/andrewpersic/vue-boilerplate/pages/index.vue","statementMap":{"0":{"start":{"line":81,"column":0},"end":{"line":81,"column":null}}},"fnMap":{},"branchMap":{},"s":{"0":0},"f":{},"b":{}}
}
